<?xml version="1.0" encoding="UTF-8"?>
<!-- Generated by org.testng.reporters.JUnitReportReporter -->
<testsuite skipped="0" hostname="pavithras-air" name="toursapplication.TestCase" tests="1" failures="0" timestamp="21 Oct 2018 19:40:13 GMT" time="9.335" errors="0">
  <testcase name="BookFlight" time="9.335" classname="toursapplication.TestCase"/>
</testsuite> <!-- toursapplication.TestCase -->
